{"C:\\Users\\priya\\OneDrive\\Desktop\\REACT\\Day13\\src\\components\\ContactUs.js": {"path":"C:\\Users\\priya\\OneDrive\\Desktop\\REACT\\Day13\\src\\components\\ContactUs.js","statementMap":{"0":{"start":{"line":2,"column":18},"end":{"line":95,"column":1}},"1":{"start":{"line":3,"column":2},"end":{"line":94,"column":4}}},"fnMap":{"0":{"name":"(anonymous_0)","decl":{"start":{"line":2,"column":18},"end":{"line":2,"column":19}},"loc":{"start":{"line":2,"column":24},"end":{"line":95,"column":1}},"line":2}},"branchMap":{},"s":{"0":1,"1":1},"f":{"0":1},"b":{},"_coverageSchema":"1a1c01bbd47fc00a2c39e90264f33305004495a9","hash":"dd25bb8d0ef484ec56d55080fa5a15e3de08fbb2"}
,"C:\\Users\\priya\\OneDrive\\Desktop\\REACT\\Day13\\src\\components\\Header.js": {"path":"C:\\Users\\priya\\OneDrive\\Desktop\\REACT\\Day13\\src\\components\\Header.js","statementMap":{"0":{"start":{"line":9,"column":15},"end":{"line":56,"column":1}},"1":{"start":{"line":10,"column":34},"end":{"line":10,"column":51}},"2":{"start":{"line":11,"column":25},"end":{"line":11,"column":42}},"3":{"start":{"line":13,"column":27},"end":{"line":13,"column":49}},"4":{"start":{"line":16,"column":22},"end":{"line":16,"column":62}},"5":{"start":{"line":16,"column":45},"end":{"line":16,"column":61}},"6":{"start":{"line":18,"column":4},"end":{"line":55,"column":6}},"7":{"start":{"line":47,"column":28},"end":{"line":47,"column":92}}},"fnMap":{"0":{"name":"(anonymous_0)","decl":{"start":{"line":9,"column":15},"end":{"line":9,"column":16}},"loc":{"start":{"line":9,"column":21},"end":{"line":56,"column":1}},"line":9},"1":{"name":"(anonymous_1)","decl":{"start":{"line":16,"column":34},"end":{"line":16,"column":35}},"loc":{"start":{"line":16,"column":45},"end":{"line":16,"column":61}},"line":16},"2":{"name":"(anonymous_2)","decl":{"start":{"line":46,"column":33},"end":{"line":46,"column":34}},"loc":{"start":{"line":46,"column":39},"end":{"line":48,"column":25}},"line":46}},"branchMap":{"0":{"loc":{"start":{"line":26,"column":71},"end":{"line":26,"column":97}},"type":"cond-expr","locations":[{"start":{"line":26,"column":86},"end":{"line":26,"column":90}},{"start":{"line":26,"column":93},"end":{"line":26,"column":97}}],"line":26},"1":{"loc":{"start":{"line":47,"column":28},"end":{"line":47,"column":92}},"type":"cond-expr","locations":[{"start":{"line":47,"column":50},"end":{"line":47,"column":70}},{"start":{"line":47,"column":73},"end":{"line":47,"column":92}}],"line":47}},"s":{"0":1,"1":5,"2":5,"3":5,"4":5,"5":9,"6":5,"7":1},"f":{"0":5,"1":9,"2":1},"b":{"0":[5,0],"1":[1,0]},"_coverageSchema":"1a1c01bbd47fc00a2c39e90264f33305004495a9","hash":"906350bcba218f7f1069d247101221d118c5b96f"}
,"C:\\Users\\priya\\OneDrive\\Desktop\\REACT\\Day13\\src\\components\\RestaurantCard.js": {"path":"C:\\Users\\priya\\OneDrive\\Desktop\\REACT\\Day13\\src\\components\\RestaurantCard.js","statementMap":{"0":{"start":{"line":4,"column":23},"end":{"line":59,"column":1}},"1":{"start":{"line":5,"column":22},"end":{"line":5,"column":27}},"2":{"start":{"line":18,"column":6},"end":{"line":18,"column":19}},"3":{"start":{"line":20,"column":2},"end":{"line":58,"column":4}},"4":{"start":{"line":61,"column":27},"end":{"line":70,"column":1}},"5":{"start":{"line":62,"column":2},"end":{"line":69,"column":4}},"6":{"start":{"line":63,"column":4},"end":{"line":68,"column":6}}},"fnMap":{"0":{"name":"(anonymous_0)","decl":{"start":{"line":4,"column":23},"end":{"line":4,"column":24}},"loc":{"start":{"line":4,"column":34},"end":{"line":59,"column":1}},"line":4},"1":{"name":"(anonymous_1)","decl":{"start":{"line":61,"column":27},"end":{"line":61,"column":28}},"loc":{"start":{"line":61,"column":46},"end":{"line":70,"column":1}},"line":61},"2":{"name":"(anonymous_2)","decl":{"start":{"line":62,"column":9},"end":{"line":62,"column":10}},"loc":{"start":{"line":62,"column":20},"end":{"line":69,"column":3}},"line":62}},"branchMap":{"0":{"loc":{"start":{"line":33,"column":14},"end":{"line":35,"column":49}},"type":"cond-expr","locations":[{"start":{"line":34,"column":18},"end":{"line":34,"column":47}},{"start":{"line":35,"column":18},"end":{"line":35,"column":49}}],"line":33},"1":{"loc":{"start":{"line":49,"column":9},"end":{"line":55,"column":9}},"type":"binary-expr","locations":[{"start":{"line":49,"column":9},"end":{"line":49,"column":33}},{"start":{"line":50,"column":10},"end":{"line":54,"column":16}}],"line":49}},"s":{"0":1,"1":2,"2":2,"3":2,"4":1,"5":1,"6":1},"f":{"0":2,"1":1,"2":1},"b":{"0":[2,0],"1":[2,2]},"_coverageSchema":"1a1c01bbd47fc00a2c39e90264f33305004495a9","hash":"c999d10082ed26a38981e60da621d3858baa898b"}
,"C:\\Users\\priya\\OneDrive\\Desktop\\REACT\\Day13\\src\\components\\sum.js": {"path":"C:\\Users\\priya\\OneDrive\\Desktop\\REACT\\Day13\\src\\components\\sum.js","statementMap":{"0":{"start":{"line":1,"column":19},"end":{"line":3,"column":1}},"1":{"start":{"line":2,"column":4},"end":{"line":2,"column":17}}},"fnMap":{"0":{"name":"(anonymous_0)","decl":{"start":{"line":1,"column":19},"end":{"line":1,"column":20}},"loc":{"start":{"line":1,"column":29},"end":{"line":3,"column":1}},"line":1}},"branchMap":{},"s":{"0":1,"1":1},"f":{"0":1},"b":{},"_coverageSchema":"1a1c01bbd47fc00a2c39e90264f33305004495a9","hash":"795e5f95215834c03e9be934abd88b54089969b2"}
,"C:\\Users\\priya\\OneDrive\\Desktop\\REACT\\Day13\\src\\utils\\UserContext.js": {"path":"C:\\Users\\priya\\OneDrive\\Desktop\\REACT\\Day13\\src\\utils\\UserContext.js","statementMap":{"0":{"start":{"line":3,"column":19},"end":{"line":5,"column":2}}},"fnMap":{},"branchMap":{},"s":{"0":1},"f":{},"b":{},"_coverageSchema":"1a1c01bbd47fc00a2c39e90264f33305004495a9","hash":"e8eee80e5d19f2819de77a31fdd2d09f0ce9f390"}
,"C:\\Users\\priya\\OneDrive\\Desktop\\REACT\\Day13\\src\\utils\\appStore.js": {"path":"C:\\Users\\priya\\OneDrive\\Desktop\\REACT\\Day13\\src\\utils\\appStore.js","statementMap":{"0":{"start":{"line":4,"column":17},"end":{"line":8,"column":2}}},"fnMap":{},"branchMap":{},"s":{"0":1},"f":{},"b":{},"_coverageSchema":"1a1c01bbd47fc00a2c39e90264f33305004495a9","hash":"b29bdb336308ac93c3f6f0257aa4736a2caf6f6d"}
,"C:\\Users\\priya\\OneDrive\\Desktop\\REACT\\Day13\\src\\utils\\cartSlice.js": {"path":"C:\\Users\\priya\\OneDrive\\Desktop\\REACT\\Day13\\src\\utils\\cartSlice.js","statementMap":{"0":{"start":{"line":3,"column":18},"end":{"line":19,"column":2}},"1":{"start":{"line":10,"column":12},"end":{"line":10,"column":45}},"2":{"start":{"line":13,"column":12},"end":{"line":13,"column":30}},"3":{"start":{"line":16,"column":12},"end":{"line":16,"column":29}},"4":{"start":{"line":21,"column":51},"end":{"line":21,"column":68}}},"fnMap":{"0":{"name":"(anonymous_0)","decl":{"start":{"line":9,"column":8},"end":{"line":9,"column":9}},"loc":{"start":{"line":9,"column":32},"end":{"line":11,"column":9}},"line":9},"1":{"name":"(anonymous_1)","decl":{"start":{"line":12,"column":8},"end":{"line":12,"column":9}},"loc":{"start":{"line":12,"column":26},"end":{"line":14,"column":9}},"line":12},"2":{"name":"(anonymous_2)","decl":{"start":{"line":15,"column":8},"end":{"line":15,"column":9}},"loc":{"start":{"line":15,"column":25},"end":{"line":17,"column":9}},"line":15}},"branchMap":{},"s":{"0":1,"1":0,"2":0,"3":0,"4":1},"f":{"0":0,"1":0,"2":0},"b":{},"_coverageSchema":"1a1c01bbd47fc00a2c39e90264f33305004495a9","hash":"2abd37af054a69d770b6bc4c854415dbbc1d911c"}
,"C:\\Users\\priya\\OneDrive\\Desktop\\REACT\\Day13\\src\\utils\\constants.js": {"path":"C:\\Users\\priya\\OneDrive\\Desktop\\REACT\\Day13\\src\\utils\\constants.js","statementMap":{"0":{"start":{"line":2,"column":2},"end":{"line":2,"column":85}},"1":{"start":{"line":5,"column":0},"end":{"line":5,"column":118}}},"fnMap":{},"branchMap":{},"s":{"0":2,"1":2},"f":{},"b":{},"_coverageSchema":"1a1c01bbd47fc00a2c39e90264f33305004495a9","hash":"e05390073f51d4c9c03e8c24f72e0e0239e6d050"}
,"C:\\Users\\priya\\OneDrive\\Desktop\\REACT\\Day13\\src\\utils\\useOnlineStatus.js": {"path":"C:\\Users\\priya\\OneDrive\\Desktop\\REACT\\Day13\\src\\utils\\useOnlineStatus.js","statementMap":{"0":{"start":{"line":4,"column":24},"end":{"line":17,"column":1}},"1":{"start":{"line":6,"column":36},"end":{"line":6,"column":50}},"2":{"start":{"line":8,"column":4},"end":{"line":10,"column":7}},"3":{"start":{"line":9,"column":8},"end":{"line":9,"column":27}},"4":{"start":{"line":12,"column":4},"end":{"line":14,"column":7}},"5":{"start":{"line":13,"column":8},"end":{"line":13,"column":26}},"6":{"start":{"line":16,"column":4},"end":{"line":16,"column":21}}},"fnMap":{"0":{"name":"(anonymous_0)","decl":{"start":{"line":4,"column":24},"end":{"line":4,"column":25}},"loc":{"start":{"line":4,"column":29},"end":{"line":17,"column":1}},"line":4},"1":{"name":"(anonymous_1)","decl":{"start":{"line":8,"column":39},"end":{"line":8,"column":40}},"loc":{"start":{"line":8,"column":45},"end":{"line":10,"column":5}},"line":8},"2":{"name":"(anonymous_2)","decl":{"start":{"line":12,"column":38},"end":{"line":12,"column":39}},"loc":{"start":{"line":12,"column":44},"end":{"line":14,"column":5}},"line":12}},"branchMap":{},"s":{"0":1,"1":5,"2":5,"3":0,"4":5,"5":0,"6":5},"f":{"0":5,"1":0,"2":0},"b":{},"_coverageSchema":"1a1c01bbd47fc00a2c39e90264f33305004495a9","hash":"f6734684489fc4fbc90b9538e67f5e389962c4fc"}
}
