TN:
SF:Day13\src\components\ContactUs.js
FN:2,(anonymous_0)
FNF:1
FNH:1
FNDA:1,(anonymous_0)
DA:2,1
DA:3,1
LF:2
LH:2
BRF:0
BRH:0
end_of_record
TN:
SF:Day13\src\components\Header.js
FN:9,(anonymous_0)
FN:16,(anonymous_1)
FN:46,(anonymous_2)
FNF:3
FNH:3
FNDA:5,(anonymous_0)
FNDA:9,(anonymous_1)
FNDA:1,(anonymous_2)
DA:9,1
DA:10,5
DA:11,5
DA:13,5
DA:16,9
DA:18,5
DA:47,1
LF:7
LH:7
BRDA:26,0,0,5
BRDA:26,0,1,0
BRDA:47,1,0,1
BRDA:47,1,1,0
BRF:4
BRH:2
end_of_record
TN:
SF:Day13\src\components\RestaurantCard.js
FN:4,(anonymous_0)
FN:61,(anonymous_1)
FN:62,(anonymous_2)
FNF:3
FNH:3
FNDA:2,(anonymous_0)
FNDA:1,(anonymous_1)
FNDA:1,(anonymous_2)
DA:4,1
DA:5,2
DA:18,2
DA:20,2
DA:61,1
DA:62,1
DA:63,1
LF:7
LH:7
BRDA:33,0,0,2
BRDA:33,0,1,0
BRDA:49,1,0,2
BRDA:49,1,1,2
BRF:4
BRH:3
end_of_record
TN:
SF:Day13\src\components\sum.js
FN:1,(anonymous_0)
FNF:1
FNH:1
FNDA:1,(anonymous_0)
DA:1,1
DA:2,1
LF:2
LH:2
BRF:0
BRH:0
end_of_record
TN:
SF:Day13\src\utils\UserContext.js
FNF:0
FNH:0
DA:3,1
LF:1
LH:1
BRF:0
BRH:0
end_of_record
TN:
SF:Day13\src\utils\appStore.js
FNF:0
FNH:0
DA:4,1
LF:1
LH:1
BRF:0
BRH:0
end_of_record
TN:
SF:Day13\src\utils\cartSlice.js
FN:9,(anonymous_0)
FN:12,(anonymous_1)
FN:15,(anonymous_2)
FNF:3
FNH:0
FNDA:0,(anonymous_0)
FNDA:0,(anonymous_1)
FNDA:0,(anonymous_2)
DA:3,1
DA:10,0
DA:13,0
DA:16,0
DA:21,1
LF:5
LH:2
BRF:0
BRH:0
end_of_record
TN:
SF:Day13\src\utils\constants.js
FNF:0
FNH:0
DA:2,2
DA:5,2
LF:2
LH:2
BRF:0
BRH:0
end_of_record
TN:
SF:Day13\src\utils\useOnlineStatus.js
FN:4,(anonymous_0)
FN:8,(anonymous_1)
FN:12,(anonymous_2)
FNF:3
FNH:1
FNDA:5,(anonymous_0)
FNDA:0,(anonymous_1)
FNDA:0,(anonymous_2)
DA:4,1
DA:6,5
DA:8,5
DA:9,0
DA:12,5
DA:13,0
DA:16,5
LF:7
LH:5
BRF:0
BRH:0
end_of_record
